<?xml version="1.0" encoding="UTF-8"?>
<!-- Generated by org.testng.reporters.JUnitReportReporter -->
<testsuite hostname="REM-LT-230320A" failures="0" tests="7" name="test.day3" time="0.009" errors="0" timestamp="2023-05-24T15:19:56 CST" skipped="1">
  <testcase classname="test.day3" name="MobilesignoutcarLoan" time="0.001"/>
  <system-out/>
  <testcase classname="test.day3" name="WebloginCarLoan" time="0.000"/>
  <system-out/>
  <testcase classname="test.day3" name="MobilesignoutcarLoan" time="0.005"/>
  <system-out/>
  <testcase classname="test.day3" name="MobileLogincarLoan" time="0.001"/>
  <system-out/>
  <testcase classname="test.day3" name="APIcarLoan" time="0.001"/>
  <system-out/>
  <testcase classname="test.day3" name="MobilesignoutcarLoan" time="0.001"/>
  <system-out/>
  <testcase classname="test.day3" name="MobilesignimcarLoan">
    <skipped/>
  </testcase> <!-- MobilesignimcarLoan -->
  <system-out/>
</testsuite> <!-- test.day3 -->
