<?xml version="1.0" encoding="UTF-8"?>
<!-- Generated by org.testng.reporters.JUnitReportReporter -->
<testsuite hostname="REM-LT-230320A" failures="0" tests="1" name="EndToEndFrameworkRSA.PracticeFramework.errorValidations" time="12.382" errors="0" timestamp="2023-05-29T16:33:55 CST" skipped="0">
  <testcase classname="EndToEndFrameworkRSA.PracticeFramework.errorValidations" name="getOrderNumbers" time="12.382"/>
  <system-out/>
</testsuite> <!-- EndToEndFrameworkRSA.PracticeFramework.errorValidations -->
