<?xml version="1.0" encoding="UTF-8"?>
<!-- Generated by org.testng.reporters.JUnitReportReporter -->
<testsuite hostname="REM-LT-230320A" failures="0" tests="3" name="EndToEndFrameworkRSA.PracticeFramework.standAloneTestPageObject" time="52.818" errors="0" timestamp="2023-05-30T15:51:04 CST" skipped="0">
  <testcase classname="EndToEndFrameworkRSA.PracticeFramework.standAloneTestPageObject" name="getOrderNumbers" time="22.630"/>
  <system-out/>
  <testcase classname="EndToEndFrameworkRSA.PracticeFramework.standAloneTestPageObject" name="orderHistoryTest" time="7.360"/>
  <system-out/>
  <testcase classname="EndToEndFrameworkRSA.PracticeFramework.standAloneTestPageObject" name="getOrderNumbers" time="22.828"/>
  <system-out/>
</testsuite> <!-- EndToEndFrameworkRSA.PracticeFramework.standAloneTestPageObject -->
