<?xml version="1.0" encoding="UTF-8"?>
<!-- Generated by org.testng.reporters.JUnitReportReporter -->
<testsuite hostname="REM-LT-230320A" failures="0" tests="1" name="EndToEndFrameworkRSA.PracticeFramework.errorValidationsTest" time="9.735" errors="0" timestamp="2023-05-30T10:36:14 CST" skipped="0">
  <testcase classname="EndToEndFrameworkRSA.PracticeFramework.errorValidationsTest" name="loginErrorValidation" time="9.735"/>
  <system-out/>
</testsuite> <!-- EndToEndFrameworkRSA.PracticeFramework.errorValidationsTest -->
