<?xml version="1.0" encoding="UTF-8"?>
<!-- Generated by org.testng.reporters.JUnitReportReporter -->
<testsuite hostname="REM-LT-230320A" failures="0" tests="2" name="EndToEndFrameworkRSA.PracticeFramework.standAloneTestPageObject" time="48.741" errors="0" timestamp="2023-05-30T13:16:17 CST" skipped="0">
  <testcase classname="EndToEndFrameworkRSA.PracticeFramework.standAloneTestPageObject" name="getOrderNumbers" time="23.479"/>
  <system-out/>
  <testcase classname="EndToEndFrameworkRSA.PracticeFramework.standAloneTestPageObject" name="getOrderNumbers" time="25.262"/>
  <system-out/>
</testsuite> <!-- EndToEndFrameworkRSA.PracticeFramework.standAloneTestPageObject -->
